[dotenv@17.2.3] injecting env (21) from .env.local -- tip: ⚙️  specify custom .env file path with { path: '/custom/path/.env' }

📡 [Telemetry] Initialized for smartmatch-sync (development)
➡️  Starting: sync_workflow
ℹ️ Starting SmartMatch Sync...
ℹ️ Found 4 phones needing sync.
➡️  Starting: sync_phone_apple_iphone_15_pro
ℹ️ Successfully processed apple_iphone_15_pro
✅ Completed: sync_phone_apple_iphone_15_pro (2.46ms)
➡️  Starting: upload_images_apple_iphone_15_pro
✅ Completed: upload_images_apple_iphone_15_pro (398.36ms)
➡️  Starting: sync_phone_apple_iphone_17_pro_max
ℹ️ Successfully processed apple_iphone_17_pro_max
✅ Completed: sync_phone_apple_iphone_17_pro_max (1.84ms)
➡️  Starting: upload_images_apple_iphone_17_pro_max
✅ Completed: upload_images_apple_iphone_17_pro_max (285.76ms)
➡️  Starting: sync_phone_samsung_galaxy_s25
ℹ️ Successfully processed samsung_galaxy_s25
✅ Completed: sync_phone_samsung_galaxy_s25 (0.73ms)
➡️  Starting: upload_images_samsung_galaxy_s25
✅ Completed: upload_images_samsung_galaxy_s25 (223.42ms)
➡️  Starting: sync_phone_oneplus_13
ℹ️ Successfully processed oneplus_13
✅ Completed: sync_phone_oneplus_13 (1.23ms)
➡️  Starting: upload_images_oneplus_13
✅ Completed: upload_images_oneplus_13 (377.52ms)
➡️  Starting: batch_upsert_raw
ℹ️ Upserted 4 raw records to processed_phones.
✅ Completed: batch_upsert_raw (730.69ms)
➡️  Starting: batch_upsert_dynamic
ℹ️ Upserted 4 dynamic records to dynamic_phones.
✅ Completed: batch_upsert_dynamic (407.72ms)
➡️  Starting: export_data
ℹ️ Exported processed_phones -> processed_phones.json
ℹ️ Exported dynamic_phones -> dynamic_phones.json
ℹ️ Exported phones -> phones.json
ℹ️ Exported processing_metadata -> processing_metadata.json
ℹ️ Exported reviews -> reviews.json
✅ Completed: export_data (1025.91ms)
ℹ️ Sync complete.
✅ Completed: sync_workflow (4007.00ms)

📊 [Telemetry] Session Summary:
----------------------------------------
Counters:
  db.upsert.count.dynamic_phones           : 4
  db.upsert.count.processed_phones         : 4
  step.batch_upsert_dynamic.success        : 1
  step.batch_upsert_raw.success            : 1
  step.export_data.success                 : 1
  step.process_phone.success               : 4
  step.upload_images.success               : 4
  workflow.run.success                     : 1

Histograms (Avg / Max):
  db.upsert.duration.dynamic_phones        : 407.00ms / 407.00ms
  db.upsert.duration.processed_phones      : 730.00ms / 730.00ms
  step.batch_upsert_dynamic.duration       : 407.00ms / 407.00ms
  step.batch_upsert_raw.duration           : 730.00ms / 730.00ms
  step.export_data.duration                : 1026.00ms / 1026.00ms
  step.process_phone.duration              : 1.25ms / 3.00ms
  step.upload_images.duration              : 321.50ms / 398.00ms
  workflow.run.duration                    : 4007.00ms / 4007.00ms
----------------------------------------

