[dotenv@17.2.3] injecting env (0) from .env.local -- tip: ⚙️  load multiple .env files with { path: ['.env.local', '.env'] }

📡 [Telemetry] Initialized for smartmatch-sync (production)
➡️  Starting: sync_workflow
ℹ️ Starting SmartMatch Sync...
ℹ️ Found 10 phones needing sync.
➡️  Starting: sync_phone_apple_iphone_15_pro
ℹ️ Successfully processed apple_iphone_15_pro
✅ Completed: sync_phone_apple_iphone_15_pro (6.58ms)
➡️  Starting: upload_images_apple_iphone_15_pro
✅ Completed: upload_images_apple_iphone_15_pro (274.90ms)
➡️  Starting: sync_phone_apple_iphone_17_pro_max
ℹ️ Successfully processed apple_iphone_17_pro_max
✅ Completed: sync_phone_apple_iphone_17_pro_max (1.76ms)
➡️  Starting: upload_images_apple_iphone_17_pro_max
✅ Completed: upload_images_apple_iphone_17_pro_max (82.36ms)
➡️  Starting: sync_phone_samsung_galaxy_s25
ℹ️ Successfully processed samsung_galaxy_s25
✅ Completed: sync_phone_samsung_galaxy_s25 (1.28ms)
➡️  Starting: upload_images_samsung_galaxy_s25
✅ Completed: upload_images_samsung_galaxy_s25 (105.05ms)
➡️  Starting: sync_phone_oneplus_13
ℹ️ Successfully processed oneplus_13
✅ Completed: sync_phone_oneplus_13 (1.81ms)
➡️  Starting: upload_images_oneplus_13
✅ Completed: upload_images_oneplus_13 (64.00ms)
➡️  Starting: sync_phone_samsung_galaxy_z_fold_7
ℹ️ Successfully processed samsung_galaxy_z_fold_7
✅ Completed: sync_phone_samsung_galaxy_z_fold_7 (0.99ms)
➡️  Starting: upload_images_samsung_galaxy_z_fold_7
✅ Completed: upload_images_samsung_galaxy_z_fold_7 (92.68ms)
➡️  Starting: sync_phone_apple_iphone_se_4
ℹ️ Successfully processed apple_iphone_se_4
✅ Completed: sync_phone_apple_iphone_se_4 (1.65ms)
➡️  Starting: upload_images_apple_iphone_se_4
✅ Completed: upload_images_apple_iphone_se_4 (74.30ms)
➡️  Starting: sync_phone_honor_magic_7_pro
ℹ️ Successfully processed honor_magic_7_pro
✅ Completed: sync_phone_honor_magic_7_pro (1.79ms)
➡️  Starting: upload_images_honor_magic_7_pro
✅ Completed: upload_images_honor_magic_7_pro (70.50ms)
➡️  Starting: sync_phone_samsung_galaxy_z_flip_7
ℹ️ Successfully processed samsung_galaxy_z_flip_7
✅ Completed: sync_phone_samsung_galaxy_z_flip_7 (0.95ms)
➡️  Starting: upload_images_samsung_galaxy_z_flip_7
✅ Completed: upload_images_samsung_galaxy_z_flip_7 (93.88ms)
➡️  Starting: sync_phone_nothing_phone_3
ℹ️ Successfully processed nothing_phone_3
✅ Completed: sync_phone_nothing_phone_3 (1.06ms)
➡️  Starting: upload_images_nothing_phone_3
✅ Completed: upload_images_nothing_phone_3 (105.49ms)
➡️  Starting: sync_phone_google_pixel_10
ℹ️ Successfully processed google_pixel_10
✅ Completed: sync_phone_google_pixel_10 (1.03ms)
➡️  Starting: upload_images_google_pixel_10
✅ Completed: upload_images_google_pixel_10 (66.75ms)
➡️  Starting: batch_upsert_raw
ℹ️ Upserted 10 raw records to processed_phones.
✅ Completed: batch_upsert_raw (225.80ms)
➡️  Starting: batch_upsert_dynamic
ℹ️ Upserted 10 dynamic records to dynamic_phones.
✅ Completed: batch_upsert_dynamic (224.90ms)
➡️  Starting: export_data
ℹ️ Exported processed_phones -> processed_phones.json
ℹ️ Exported dynamic_phones -> dynamic_phones.json
ℹ️ Exported phones -> phones.json
ℹ️ Exported processing_metadata -> processing_metadata.json
ℹ️ Exported reviews -> reviews.json
✅ Completed: export_data (526.87ms)
ℹ️ Sync complete.
✅ Completed: sync_workflow (3279.00ms)

📊 [Telemetry] Session Summary:
----------------------------------------
Counters:
  db.upsert.count.dynamic_phones           : 10
  db.upsert.count.processed_phones         : 10
  step.batch_upsert_dynamic.success        : 1
  step.batch_upsert_raw.success            : 1
  step.export_data.success                 : 1
  step.process_phone.success               : 10
  step.upload_images.success               : 10
  workflow.run.success                     : 1

Histograms (Avg / Max):
  db.upsert.duration.dynamic_phones        : 225.00ms / 225.00ms
  db.upsert.duration.processed_phones      : 226.00ms / 226.00ms
  step.batch_upsert_dynamic.duration       : 225.00ms / 225.00ms
  step.batch_upsert_raw.duration           : 226.00ms / 226.00ms
  step.export_data.duration                : 527.00ms / 527.00ms
  step.process_phone.duration              : 2.00ms / 7.00ms
  step.upload_images.duration              : 103.10ms / 275.00ms
  workflow.run.duration                    : 3280.00ms / 3280.00ms
----------------------------------------

