{"timestamp":"2025-12-07T22:11:05.393Z","level":"INFO","phase":"STARTUP","msg":"Validating environment configuration...","elapsed":13}
{"timestamp":"2025-12-07T22:11:05.407Z","level":"SUCCESS","phase":"STARTUP","msg":"Google CSE configured as fallback","elapsed":16}
{"timestamp":"2025-12-07T22:11:05.408Z","level":"SUCCESS","phase":"STARTUP","msg":"Environment validation complete","elapsed":17}
{"timestamp":"2025-12-07T22:11:05.409Z","level":"INFO","phase":"PHASE 1","msg":"Starting CSE Discovery (Parallel)","elapsed":18}
{"timestamp":"2025-12-07T22:11:05.409Z","level":"INFO","phase":"PHASE 1","msg":"CSE Credentials Check","meta":{"hasApiKey":true,"hasCseId":true,"apiKeyLength":39},"elapsed":18}
{"timestamp":"2025-12-07T22:11:05.410Z","level":"INFO","phase":"PHASE 1","msg":"Skipping apple iphone 15 pro gsmarena_review - already has 1 URL(s)","elapsed":19}
{"timestamp":"2025-12-07T22:11:05.410Z","level":"INFO","phase":"PHASE 1","msg":"Skipping apple iphone 15 pro gsmarena_specs - already has 1 URL(s)","elapsed":19}
{"timestamp":"2025-12-07T22:11:05.410Z","level":"INFO","phase":"PHASE 1","msg":"Skipping apple iphone 15 pro phonearena_review - already has 1 URL(s)","elapsed":19}
{"timestamp":"2025-12-07T22:11:05.411Z","level":"INFO","phase":"PHASE 1","msg":"Skipping apple iphone 15 pro dxomark_review - already has 1 URL(s)","elapsed":20}
{"timestamp":"2025-12-07T22:11:05.411Z","level":"INFO","phase":"PHASE 1","msg":"Skipping apple iphone 15 pro tomsguide_review - already has 1 URL(s)","elapsed":20}
{"timestamp":"2025-12-07T22:11:05.411Z","level":"INFO","phase":"PHASE 1","msg":"Skipping apple iphone 15 pro notebookcheck_review - already has 1 URL(s)","elapsed":20}
{"timestamp":"2025-12-07T22:11:05.411Z","level":"INFO","phase":"PHASE 1","msg":"Skipping apple iphone 15 pro techradar_review - already has 1 URL(s)","elapsed":20}
{"timestamp":"2025-12-07T22:11:05.411Z","level":"INFO","phase":"PHASE 1","msg":"Skipping apple iphone 15 pro androidcentral_review - already has 1 URL(s)","elapsed":20}
{"timestamp":"2025-12-07T22:11:05.411Z","level":"INFO","phase":"PHASE 1","msg":"Skipping apple iphone 15 pro androidauthority_review - already has 1 URL(s)","elapsed":20}
{"timestamp":"2025-12-07T22:11:05.412Z","level":"INFO","phase":"PHASE 1","msg":"Skipping apple iphone 17 pro max gsmarena_review - already has 1 URL(s)","elapsed":21}
{"timestamp":"2025-12-07T22:11:05.412Z","level":"INFO","phase":"PHASE 1","msg":"Skipping apple iphone 17 pro max phonearena_review - already has 1 URL(s)","elapsed":21}
{"timestamp":"2025-12-07T22:11:05.412Z","level":"INFO","phase":"PHASE 1","msg":"Skipping apple iphone 17 pro max dxomark_review - already has 1 URL(s)","elapsed":21}
{"timestamp":"2025-12-07T22:11:05.412Z","level":"INFO","phase":"PHASE 1","msg":"Skipping apple iphone 17 pro max techradar_review - already has 1 URL(s)","elapsed":21}
{"timestamp":"2025-12-07T22:11:05.412Z","level":"INFO","phase":"PHASE 1","msg":"Skipping apple iphone 17 pro max theverge_review - already has 1 URL(s)","elapsed":21}
{"timestamp":"2025-12-07T22:11:05.413Z","level":"INFO","phase":"PHASE 1","msg":"Skipping apple iphone 17 pro max notebookcheck_review - already has 1 URL(s)","elapsed":22}
{"timestamp":"2025-12-07T22:11:05.413Z","level":"INFO","phase":"PHASE 1","msg":"Skipping apple iphone 17 pro max androidcentral_review - already has 1 URL(s)","elapsed":22}
{"timestamp":"2025-12-07T22:11:05.413Z","level":"INFO","phase":"PHASE 1","msg":"Skipping apple iphone 17 pro max androidauthority_review - already has 1 URL(s)","elapsed":22}
{"timestamp":"2025-12-07T22:11:05.413Z","level":"INFO","phase":"PHASE 1","msg":"Skipping samsung galaxy s25 gsmarena_specs - already has 1 URL(s)","elapsed":22}
{"timestamp":"2025-12-07T22:11:05.413Z","level":"INFO","phase":"PHASE 1","msg":"Skipping samsung galaxy s25 gsmarena_review - already has 1 URL(s)","elapsed":22}
{"timestamp":"2025-12-07T22:11:05.414Z","level":"INFO","phase":"PHASE 1","msg":"Skipping samsung galaxy s25 phonearena_review - already has 1 URL(s)","elapsed":23}
{"timestamp":"2025-12-07T22:11:05.414Z","level":"INFO","phase":"PHASE 1","msg":"Skipping samsung galaxy s25 dxomark_review - already has 1 URL(s)","elapsed":23}
{"timestamp":"2025-12-07T22:11:05.414Z","level":"INFO","phase":"PHASE 1","msg":"Skipping samsung galaxy s25 tomsguide_review - already has 1 URL(s)","elapsed":23}
{"timestamp":"2025-12-07T22:11:05.414Z","level":"INFO","phase":"PHASE 1","msg":"Skipping samsung galaxy s25 techradar_review - already has 1 URL(s)","elapsed":23}
{"timestamp":"2025-12-07T22:11:05.414Z","level":"INFO","phase":"PHASE 1","msg":"Skipping samsung galaxy s25 theverge_review - already has 1 URL(s)","elapsed":23}
{"timestamp":"2025-12-07T22:11:05.414Z","level":"INFO","phase":"PHASE 1","msg":"Skipping samsung galaxy s25 notebookcheck_review - already has 1 URL(s)","elapsed":23}
{"timestamp":"2025-12-07T22:11:05.415Z","level":"INFO","phase":"PHASE 1","msg":"Skipping samsung galaxy s25 androidcentral_review - already has 1 URL(s)","elapsed":24}
{"timestamp":"2025-12-07T22:11:05.415Z","level":"INFO","phase":"PHASE 1","msg":"Skipping samsung galaxy s25 androidauthority_review - already has 1 URL(s)","elapsed":24}
{"timestamp":"2025-12-07T22:11:05.415Z","level":"INFO","phase":"PHASE 1","msg":"Skipping oneplus 13 gsmarena_specs - already has 1 URL(s)","elapsed":24}
{"timestamp":"2025-12-07T22:11:05.415Z","level":"INFO","phase":"PHASE 1","msg":"Skipping oneplus 13 gsmarena_review - already has 1 URL(s)","elapsed":24}
{"timestamp":"2025-12-07T22:11:05.415Z","level":"INFO","phase":"PHASE 1","msg":"Skipping oneplus 13 phonearena_review - already has 1 URL(s)","elapsed":24}
{"timestamp":"2025-12-07T22:11:05.415Z","level":"INFO","phase":"PHASE 1","msg":"Skipping oneplus 13 dxomark_review - already has 1 URL(s)","elapsed":24}
{"timestamp":"2025-12-07T22:11:05.415Z","level":"INFO","phase":"PHASE 1","msg":"Skipping oneplus 13 tomsguide_review - already has 1 URL(s)","elapsed":24}
{"timestamp":"2025-12-07T22:11:05.416Z","level":"INFO","phase":"PHASE 1","msg":"Skipping oneplus 13 techradar_review - already has 1 URL(s)","elapsed":25}
{"timestamp":"2025-12-07T22:11:05.416Z","level":"INFO","phase":"PHASE 1","msg":"Skipping oneplus 13 theverge_review - already has 1 URL(s)","elapsed":25}
{"timestamp":"2025-12-07T22:11:05.416Z","level":"INFO","phase":"PHASE 1","msg":"Skipping oneplus 13 notebookcheck_review - already has 1 URL(s)","elapsed":25}
{"timestamp":"2025-12-07T22:11:05.416Z","level":"INFO","phase":"PHASE 1","msg":"Skipping oneplus 13 androidcentral_review - already has 1 URL(s)","elapsed":25}
{"timestamp":"2025-12-07T22:11:05.416Z","level":"INFO","phase":"PHASE 1","msg":"Skipping oneplus 13 androidauthority_review - already has 1 URL(s)","elapsed":25}
{"timestamp":"2025-12-07T22:11:05.416Z","level":"INFO","phase":"PHASE 1","msg":"Starting parallel discovery of 1 tasks","elapsed":25}
{"timestamp":"2025-12-07T22:11:05.411Z","level":"INFO","phase":"PHASE 1","msg":"Skipping apple iphone 17 pro max gsmarena_specs - already has 1 URL(s)","elapsed":20}
{"timestamp":"2025-12-07T22:11:05.412Z","level":"INFO","phase":"PHASE 1","msg":"Skipping apple iphone 17 pro max tomsguide_review - already has 1 URL(s)","elapsed":21}
{"timestamp":"2025-12-07T22:11:05.416Z","level":"INFO","phase":"PHASE 1","msg":"Processing batch 1/1 (1 tasks)","elapsed":25}
{"timestamp":"2025-12-07T22:11:05.417Z","level":"INFO","phase":"PHASE 1","msg":"CSE Query: \"site:theverge.com apple iphone 15 pro review -intitle:\"Max\" -inurl:Max\"","elapsed":26}
{"timestamp":"2025-12-07T22:11:06.068Z","level":"INFO","phase":"PHASE 1","msg":"CSE Results: 1 found","elapsed":677}
{"timestamp":"2025-12-07T22:11:06.068Z","level":"INFO","phase":"PHASE 1","msg":"Rejected URL for apple iphone 15 pro: missing_phone_name","elapsed":678}
{"timestamp":"2025-12-07T22:11:06.068Z","level":"SUCCESS","phase":"PHASE 1","msg":"CSE SUCCESS for apple iphone 15 pro theverge_review with: \"site:theverge.com apple iphone 15 pro review -inti...\"","elapsed":677}
{"timestamp":"2025-12-07T22:11:06.069Z","level":"INFO","phase":"PHASE 1","msg":"Discovery Summary","meta":{"tasksProcessed":1,"successful":0,"zeroResults":1,"errors":0,"urlsFound":0},"elapsed":678}
{"timestamp":"2025-12-07T22:11:06.069Z","level":"INFO","phase":"PHASE 2","msg":"Starting Archive Discovery (Optimized Search Patterns)","elapsed":679}
{"timestamp":"2025-12-07T22:11:06.070Z","level":"INFO","phase":"PHASE 2","msg":"Already tried today, skipping","elapsed":679}
{"timestamp":"2025-12-07T22:11:06.070Z","level":"INFO","phase":"PHASE 2","msg":"Already tried today, skipping","elapsed":679}
{"timestamp":"2025-12-07T22:11:14.351Z","level":"SUCCESS","phase":"PHASE 2","msg":"Generated 7 snapshots","elapsed":8960}
{"timestamp":"2025-12-07T22:11:18.957Z","level":"SUCCESS","phase":"PHASE 2","msg":"Generated 13 snapshots","elapsed":13566}
{"timestamp":"2025-12-07T22:11:53.466Z","level":"SUCCESS","phase":"PHASE 2","msg":"Generated 10 snapshots","elapsed":48075}
{"timestamp":"2025-12-07T22:12:09.648Z","level":"SUCCESS","phase":"PHASE 2","msg":"Generated 10 snapshots","elapsed":64257}
{"timestamp":"2025-12-07T22:12:09.649Z","level":"INFO","phase":"PHASE 3","msg":"Starting Content Scraping (Smart Caching)","elapsed":64258}
{"timestamp":"2025-12-07T22:12:09.651Z","level":"INFO","phase":"PHASE 3","msg":"Skipping 1_gsmarena_specs.txt - already exists","elapsed":64260}
{"timestamp":"2025-12-07T22:12:09.651Z","level":"INFO","phase":"PHASE 3","msg":"Skipping 2_gsmarena_review.txt - already exists","elapsed":64260}
{"timestamp":"2025-12-07T22:12:09.652Z","level":"INFO","phase":"PHASE 3","msg":"Skipping 3_phonearena_review.txt - already exists","elapsed":64261}
{"timestamp":"2025-12-07T22:12:09.652Z","level":"INFO","phase":"PHASE 3","msg":"Skipping 4_dxomark_review.txt - already exists","elapsed":64261}
{"timestamp":"2025-12-07T22:12:09.652Z","level":"INFO","phase":"PHASE 3","msg":"Skipping 5_tomsguide_review.txt - already exists","elapsed":64261}
{"timestamp":"2025-12-07T22:12:09.653Z","level":"INFO","phase":"PHASE 3","msg":"Skipping 6_techradar_review.txt - already exists","elapsed":64262}
{"timestamp":"2025-12-07T22:12:09.653Z","level":"INFO","phase":"PHASE 3","msg":"Skipping 8_notebookcheck_review.txt - already exists","elapsed":64262}
{"timestamp":"2025-12-07T22:12:09.653Z","level":"INFO","phase":"PHASE 3","msg":"Skipping 10_androidauthority_review.txt - already exists","elapsed":64262}
{"timestamp":"2025-12-07T22:12:09.654Z","level":"INFO","phase":"PHASE 3","msg":"Skipping 9_androidcentral_review.txt - already exists","elapsed":64263}
{"timestamp":"2025-12-07T22:12:09.654Z","level":"INFO","phase":"PHASE 3","msg":"Skipping 1_gsmarena_specs.txt - already exists","elapsed":64263}
{"timestamp":"2025-12-07T22:12:09.655Z","level":"INFO","phase":"PHASE 3","msg":"Skipping 2_gsmarena_review.txt - already exists","elapsed":64264}
{"timestamp":"2025-12-07T22:12:09.655Z","level":"INFO","phase":"PHASE 3","msg":"Skipping 3_phonearena_review.txt - already exists","elapsed":64264}
{"timestamp":"2025-12-07T22:12:09.655Z","level":"INFO","phase":"PHASE 3","msg":"Skipping 5_tomsguide_review.txt - already exists","elapsed":64264}
{"timestamp":"2025-12-07T22:12:09.656Z","level":"INFO","phase":"PHASE 3","msg":"Skipping 6_techradar_review.txt - already exists","elapsed":64265}
{"timestamp":"2025-12-07T22:12:09.656Z","level":"INFO","phase":"PHASE 3","msg":"Skipping 7_theverge_review.txt - already exists","elapsed":64265}
{"timestamp":"2025-12-07T22:12:09.656Z","level":"INFO","phase":"PHASE 3","msg":"Skipping 9_androidcentral_review.txt - already exists","elapsed":64265}
{"timestamp":"2025-12-07T22:12:09.657Z","level":"INFO","phase":"PHASE 3","msg":"Skipping 10_androidauthority_review.txt - already exists","elapsed":64266}
{"timestamp":"2025-12-07T22:12:09.657Z","level":"INFO","phase":"PHASE 3","msg":"Skipping 4_dxomark_review.txt - already exists","elapsed":64266}
{"timestamp":"2025-12-07T22:12:09.657Z","level":"INFO","phase":"PHASE 3","msg":"No archive URLs, trying progressive fallback","elapsed":64266}
{"timestamp":"2025-12-07T22:12:13.026Z","level":"WARNING","phase":"PHASE 3","msg":"recent strategy: no snapshots","elapsed":67635}
{"timestamp":"2025-12-07T22:12:14.869Z","level":"WARNING","phase":"PHASE 3","msg":"2-year strategy: no snapshots","elapsed":69478}
{"timestamp":"2025-12-07T22:13:12.521Z","level":"WARNING","phase":"PHASE 3","msg":"5-year strategy: no snapshots","elapsed":127130}
{"timestamp":"2025-12-07T22:13:12.522Z","level":"ERROR","phase":"PHASE 3","msg":"All fallback strategies exhausted","elapsed":127131}
{"timestamp":"2025-12-07T22:13:12.523Z","level":"INFO","phase":"PHASE 3","msg":"Skipping 1_gsmarena_specs.txt - already exists","elapsed":127132}
{"timestamp":"2025-12-07T22:13:12.524Z","level":"INFO","phase":"PHASE 3","msg":"Skipping 2_gsmarena_review.txt - already exists","elapsed":127133}
{"timestamp":"2025-12-07T22:13:12.524Z","level":"INFO","phase":"PHASE 3","msg":"Skipping 3_phonearena_review.txt - already exists","elapsed":127133}
{"timestamp":"2025-12-07T22:13:12.524Z","level":"INFO","phase":"PHASE 3","msg":"Skipping 4_dxomark_review.txt - already exists","elapsed":127134}
{"timestamp":"2025-12-07T22:13:12.525Z","level":"INFO","phase":"PHASE 3","msg":"Skipping 5_tomsguide_review.txt - already exists","elapsed":127134}
{"timestamp":"2025-12-07T22:13:12.525Z","level":"INFO","phase":"PHASE 3","msg":"Skipping 6_techradar_review.txt - already exists","elapsed":127134}
{"timestamp":"2025-12-07T22:13:12.525Z","level":"INFO","phase":"PHASE 3","msg":"Skipping 8_notebookcheck_review.txt - already exists","elapsed":127134}
{"timestamp":"2025-12-07T22:13:12.525Z","level":"INFO","phase":"PHASE 3","msg":"Skipping 9_androidcentral_review.txt - already exists","elapsed":127134}
{"timestamp":"2025-12-07T22:13:12.526Z","level":"INFO","phase":"PHASE 3","msg":"No archive URLs, trying progressive fallback","elapsed":127135}
{"timestamp":"2025-12-07T22:13:26.450Z","level":"WARNING","phase":"PHASE 3","msg":"recent strategy: no snapshots","elapsed":141059}
{"timestamp":"2025-12-07T22:13:26.961Z","level":"WARNING","phase":"PHASE 3","msg":"2-year strategy: no snapshots","elapsed":141570}
{"timestamp":"2025-12-07T22:13:29.017Z","level":"WARNING","phase":"PHASE 3","msg":"5-year strategy: no snapshots","elapsed":143627}
{"timestamp":"2025-12-07T22:13:29.018Z","level":"ERROR","phase":"PHASE 3","msg":"All fallback strategies exhausted","elapsed":143627}
{"timestamp":"2025-12-07T22:13:29.018Z","level":"INFO","phase":"PHASE 3","msg":"Already tried today, skipping","elapsed":143627}
{"timestamp":"2025-12-07T22:13:29.018Z","level":"INFO","phase":"PHASE 3","msg":"Skipping 1_gsmarena_specs.txt - already exists","elapsed":143628}
{"timestamp":"2025-12-07T22:13:29.019Z","level":"INFO","phase":"PHASE 3","msg":"Skipping 2_gsmarena_review.txt - already exists","elapsed":143628}
{"timestamp":"2025-12-07T22:13:29.019Z","level":"INFO","phase":"PHASE 3","msg":"Skipping 3_phonearena_review.txt - already exists","elapsed":143628}
{"timestamp":"2025-12-07T22:13:29.020Z","level":"INFO","phase":"PHASE 3","msg":"Skipping 4_dxomark_review.txt - already exists","elapsed":143629}
{"timestamp":"2025-12-07T22:13:29.020Z","level":"INFO","phase":"PHASE 3","msg":"Skipping 5_tomsguide_review.txt - already exists","elapsed":143629}
{"timestamp":"2025-12-07T22:13:29.020Z","level":"INFO","phase":"PHASE 3","msg":"Skipping 6_techradar_review.txt - already exists","elapsed":143629}
{"timestamp":"2025-12-07T22:13:29.020Z","level":"INFO","phase":"PHASE 3","msg":"Already tried today, skipping","elapsed":143629}
{"timestamp":"2025-12-07T22:13:29.021Z","level":"INFO","phase":"PHASE 3","msg":"Skipping 8_notebookcheck_review.txt - already exists","elapsed":143630}
{"timestamp":"2025-12-07T22:13:29.021Z","level":"INFO","phase":"PHASE 3","msg":"Skipping 9_androidcentral_review.txt - already exists","elapsed":143630}
{"timestamp":"2025-12-07T22:13:29.021Z","level":"INFO","phase":"PHASE 3","msg":"Skipping 10_androidauthority_review.txt - already exists","elapsed":143630}
{"timestamp":"2025-12-07T22:13:29.022Z","level":"SUCCESS","phase":"PIPELINE","msg":"Discovery Complete","elapsed":143631}
{"timestamp":"2025-12-07T22:13:29.022Z","level":"INFO","phase":"TELEMETRY","msg":"Session Summary","meta":{"cseCalls":1,"archiveHits":10,"scrapeSuccess":0,"scrapeFailure":0,"heroDownloads":0,"heroSkipped":0,"heroFailed":0,"startTime":1765145465391},"elapsed":143632}
