{"timestamp":"2025-12-07T10:35:44.187Z","level":"INFO","phase":"STARTUP","msg":"Validating environment configuration...","elapsed":12}
{"timestamp":"2025-12-07T10:35:44.201Z","level":"SUCCESS","phase":"STARTUP","msg":"Google CSE configured as fallback","elapsed":16}
{"timestamp":"2025-12-07T10:35:44.202Z","level":"SUCCESS","phase":"STARTUP","msg":"Environment validation complete","elapsed":16}
{"timestamp":"2025-12-07T10:35:44.203Z","level":"INFO","phase":"PHASE 1","msg":"Starting CSE Discovery","elapsed":17}
{"timestamp":"2025-12-07T10:35:44.203Z","level":"INFO","phase":"PHASE 1","msg":"CSE Credentials Check","meta":{"hasApiKey":true,"hasCseId":true,"apiKeyLength":39},"elapsed":17}
{"timestamp":"2025-12-07T10:35:44.203Z","level":"INFO","phase":"PHASE 1","msg":"Skipping apple iphone 15 pro gsmarena_specs - already has 1 URL(s)","elapsed":17}
{"timestamp":"2025-12-07T10:35:44.203Z","level":"INFO","phase":"PHASE 1","msg":"Skipping apple iphone 15 pro gsmarena_review - already has 1 URL(s)","elapsed":18}
{"timestamp":"2025-12-07T10:35:44.204Z","level":"INFO","phase":"PHASE 1","msg":"Skipping apple iphone 15 pro dxomark_review - already has 1 URL(s)","elapsed":18}
{"timestamp":"2025-12-07T10:35:44.204Z","level":"INFO","phase":"PHASE 1","msg":"Skipping apple iphone 15 pro tomsguide_review - already has 1 URL(s)","elapsed":18}
{"timestamp":"2025-12-07T10:35:44.204Z","level":"INFO","phase":"PHASE 1","msg":"Skipping apple iphone 15 pro techradar_review - already has 1 URL(s)","elapsed":18}
{"timestamp":"2025-12-07T10:35:44.205Z","level":"INFO","phase":"PHASE 1","msg":"CSE Query: \"site:theverge.com \"apple iphone 15 pro\" review roundup -podcast -news -update -intitle:Max -inurl:Max\"","elapsed":19}
{"timestamp":"2025-12-07T10:35:44.204Z","level":"INFO","phase":"PHASE 1","msg":"Skipping apple iphone 15 pro phonearena_review - already has 1 URL(s)","elapsed":18}
{"timestamp":"2025-12-07T10:35:45.053Z","level":"INFO","phase":"PHASE 1","msg":"CSE Results: 0 found","elapsed":867}
{"timestamp":"2025-12-07T10:35:45.054Z","level":"SUCCESS","phase":"PHASE 1","msg":"Found 0 URLs for apple iphone 15 pro theverge_review","elapsed":868}
{"timestamp":"2025-12-07T10:35:45.054Z","level":"INFO","phase":"PHASE 1","msg":"Skipping apple iphone 15 pro notebookcheck_review - already has 1 URL(s)","elapsed":868}
{"timestamp":"2025-12-07T10:35:45.054Z","level":"INFO","phase":"PHASE 1","msg":"Skipping apple iphone 15 pro androidcentral_review - already has 1 URL(s)","elapsed":868}
{"timestamp":"2025-12-07T10:35:45.055Z","level":"INFO","phase":"PHASE 1","msg":"Skipping apple iphone 15 pro androidauthority_review - already has 1 URL(s)","elapsed":869}
{"timestamp":"2025-12-07T10:35:45.055Z","level":"INFO","phase":"PHASE 1","msg":"Skipping apple iphone 17 pro max gsmarena_specs - already has 1 URL(s)","elapsed":869}
{"timestamp":"2025-12-07T10:35:45.055Z","level":"INFO","phase":"PHASE 1","msg":"Skipping apple iphone 17 pro max gsmarena_review - already has 1 URL(s)","elapsed":869}
{"timestamp":"2025-12-07T10:35:45.055Z","level":"INFO","phase":"PHASE 1","msg":"Skipping apple iphone 17 pro max phonearena_review - already has 1 URL(s)","elapsed":869}
{"timestamp":"2025-12-07T10:35:45.055Z","level":"INFO","phase":"PHASE 1","msg":"Skipping apple iphone 17 pro max dxomark_review - already has 1 URL(s)","elapsed":869}
{"timestamp":"2025-12-07T10:35:45.055Z","level":"INFO","phase":"PHASE 1","msg":"Skipping apple iphone 17 pro max tomsguide_review - already has 1 URL(s)","elapsed":869}
{"timestamp":"2025-12-07T10:35:45.055Z","level":"INFO","phase":"PHASE 1","msg":"Skipping apple iphone 17 pro max techradar_review - already has 1 URL(s)","elapsed":870}
{"timestamp":"2025-12-07T10:35:45.056Z","level":"INFO","phase":"PHASE 1","msg":"Skipping apple iphone 17 pro max theverge_review - already has 1 URL(s)","elapsed":870}
{"timestamp":"2025-12-07T10:35:45.056Z","level":"INFO","phase":"PHASE 1","msg":"Skipping apple iphone 17 pro max notebookcheck_review - already has 1 URL(s)","elapsed":870}
{"timestamp":"2025-12-07T10:35:45.056Z","level":"INFO","phase":"PHASE 1","msg":"Skipping apple iphone 17 pro max androidcentral_review - already has 1 URL(s)","elapsed":870}
{"timestamp":"2025-12-07T10:35:45.056Z","level":"INFO","phase":"PHASE 1","msg":"Skipping apple iphone 17 pro max androidauthority_review - already has 1 URL(s)","elapsed":870}
{"timestamp":"2025-12-07T10:35:45.056Z","level":"INFO","phase":"PHASE 1","msg":"Skipping samsung galaxy s25 phonearena_review - already has 1 URL(s)","elapsed":870}
{"timestamp":"2025-12-07T10:35:45.056Z","level":"INFO","phase":"PHASE 1","msg":"Skipping samsung galaxy s25 gsmarena_specs - already has 1 URL(s)","elapsed":870}
{"timestamp":"2025-12-07T10:35:45.056Z","level":"INFO","phase":"PHASE 1","msg":"Skipping samsung galaxy s25 gsmarena_review - already has 1 URL(s)","elapsed":870}
{"timestamp":"2025-12-07T10:35:45.056Z","level":"INFO","phase":"PHASE 1","msg":"Skipping samsung galaxy s25 tomsguide_review - already has 1 URL(s)","elapsed":870}
{"timestamp":"2025-12-07T10:35:45.056Z","level":"INFO","phase":"PHASE 1","msg":"Skipping samsung galaxy s25 dxomark_review - already has 1 URL(s)","elapsed":870}
{"timestamp":"2025-12-07T10:35:45.057Z","level":"INFO","phase":"PHASE 1","msg":"Skipping samsung galaxy s25 techradar_review - already has 1 URL(s)","elapsed":871}
{"timestamp":"2025-12-07T10:35:45.207Z","level":"INFO","phase":"PHASE 1","msg":"CSE Query: \"site:theverge.com intitle:\"samsung galaxy s25\" (\"review\" OR \"first\" OR \"hands-on\") -news -update -intitle:FE -inurl:FE -intitle:Ultra -inurl:Ultra -intitle:Plus -inurl:Plus -intitle:\"S25+\" -inurl:\"S25+\"\"","elapsed":1021}
{"timestamp":"2025-12-07T10:35:45.614Z","level":"INFO","phase":"PHASE 1","msg":"CSE Results: 0 found","elapsed":1428}
{"timestamp":"2025-12-07T10:35:45.614Z","level":"SUCCESS","phase":"PHASE 1","msg":"Found 0 URLs for samsung galaxy s25 theverge_review","elapsed":1428}
{"timestamp":"2025-12-07T10:35:45.614Z","level":"INFO","phase":"PHASE 1","msg":"Skipping samsung galaxy s25 notebookcheck_review - already has 1 URL(s)","elapsed":1428}
{"timestamp":"2025-12-07T10:35:45.614Z","level":"INFO","phase":"PHASE 1","msg":"Skipping samsung galaxy s25 androidcentral_review - already has 1 URL(s)","elapsed":1429}
{"timestamp":"2025-12-07T10:35:45.615Z","level":"INFO","phase":"PHASE 1","msg":"Skipping samsung galaxy s25 androidauthority_review - already has 1 URL(s)","elapsed":1429}
{"timestamp":"2025-12-07T10:35:45.615Z","level":"INFO","phase":"PHASE 1","msg":"Skipping oneplus 13 gsmarena_specs - already has 1 URL(s)","elapsed":1429}
{"timestamp":"2025-12-07T10:35:46.210Z","level":"INFO","phase":"PHASE 1","msg":"CSE Query: \"site:gsmarena.com intitle:\"oneplus 13\" \"review\" -forum -specs -news -newscomm -intitle:r -inurl:r -intitle:R -inurl:R -intitle:lite -inurl:lite -intitle:Lite -inurl:Lite -intitle:Pro -inurl:Pro -intitle:Ultra -inurl:Ultra\"","elapsed":2024}
{"timestamp":"2025-12-07T10:35:46.453Z","level":"INFO","phase":"PHASE 1","msg":"CSE Results: 0 found","elapsed":2267}
{"timestamp":"2025-12-07T10:35:46.453Z","level":"SUCCESS","phase":"PHASE 1","msg":"Found 0 URLs for oneplus 13 gsmarena_review","elapsed":2267}
{"timestamp":"2025-12-07T10:35:47.211Z","level":"INFO","phase":"PHASE 1","msg":"CSE Query: \"site:phonearena.com \"oneplus 13\" review -forum -comments -news -update -intitle:r -inurl:r -intitle:R -inurl:R -intitle:lite -inurl:lite -intitle:Lite -inurl:Lite -intitle:Pro -inurl:Pro -intitle:Ultra -inurl:Ultra\"","elapsed":3026}
{"timestamp":"2025-12-07T10:35:47.409Z","level":"INFO","phase":"PHASE 1","msg":"CSE Results: 0 found","elapsed":3223}
{"timestamp":"2025-12-07T10:35:47.410Z","level":"SUCCESS","phase":"PHASE 1","msg":"Found 0 URLs for oneplus 13 phonearena_review","elapsed":3224}
{"timestamp":"2025-12-07T10:35:47.410Z","level":"INFO","phase":"PHASE 1","msg":"Skipping oneplus 13 dxomark_review - already has 1 URL(s)","elapsed":3224}
{"timestamp":"2025-12-07T10:35:47.410Z","level":"INFO","phase":"PHASE 1","msg":"Skipping oneplus 13 techradar_review - already has 1 URL(s)","elapsed":3224}
{"timestamp":"2025-12-07T10:35:47.410Z","level":"INFO","phase":"PHASE 1","msg":"Skipping oneplus 13 tomsguide_review - already has 1 URL(s)","elapsed":3224}
{"timestamp":"2025-12-07T10:35:48.216Z","level":"INFO","phase":"PHASE 1","msg":"CSE Query: \"site:theverge.com \"oneplus 13\" review roundup -podcast -news -update -intitle:r -inurl:r -intitle:R -inurl:R -intitle:lite -inurl:lite -intitle:Lite -inurl:Lite -intitle:Pro -inurl:Pro -intitle:Ultra -inurl:Ultra\"","elapsed":4031}
{"timestamp":"2025-12-07T10:35:48.426Z","level":"INFO","phase":"PHASE 1","msg":"CSE Results: 0 found","elapsed":4240}
{"timestamp":"2025-12-07T10:35:48.426Z","level":"SUCCESS","phase":"PHASE 1","msg":"Found 0 URLs for oneplus 13 theverge_review","elapsed":4240}
{"timestamp":"2025-12-07T10:35:48.426Z","level":"INFO","phase":"PHASE 1","msg":"Skipping oneplus 13 notebookcheck_review - already has 1 URL(s)","elapsed":4240}
{"timestamp":"2025-12-07T10:35:49.230Z","level":"INFO","phase":"PHASE 1","msg":"CSE Query: \"site:androidcentral.com intitle:\"oneplus 13\" review -news -update -intitle:r -inurl:r -intitle:R -inurl:R -intitle:lite -inurl:lite -intitle:Lite -inurl:Lite -intitle:Pro -inurl:Pro -intitle:Ultra -inurl:Ultra\"","elapsed":5045}
{"timestamp":"2025-12-07T10:35:49.458Z","level":"INFO","phase":"PHASE 1","msg":"CSE Results: 1 found","elapsed":5272}
{"timestamp":"2025-12-07T10:35:49.459Z","level":"WARNING","phase":"PHASE 1","msg":"Rejected URL: non_professional","meta":{"url":"https://forums.androidcentral.com/threads/homescreen-oneplus-13.1076368/page-2","brand":"oneplus","model":"13","type":"androidcentral_review"},"elapsed":5273}
{"timestamp":"2025-12-07T10:35:49.459Z","level":"SUCCESS","phase":"PHASE 1","msg":"CSE found 1 URLs","elapsed":5273}
{"timestamp":"2025-12-07T10:35:49.460Z","level":"SUCCESS","phase":"PHASE 1","msg":"Found 0 URLs for oneplus 13 androidcentral_review","elapsed":5274}
{"timestamp":"2025-12-07T10:35:50.234Z","level":"INFO","phase":"PHASE 1","msg":"CSE Query: \"site:androidauthority.com intitle:\"oneplus 13\" \"review\" -news -update -intitle:r -inurl:r -intitle:R -inurl:R -intitle:lite -inurl:lite -intitle:Lite -inurl:Lite -intitle:Pro -inurl:Pro -intitle:Ultra -inurl:Ultra\"","elapsed":6048}
{"timestamp":"2025-12-07T10:35:50.662Z","level":"INFO","phase":"PHASE 1","msg":"CSE Results: 0 found","elapsed":6476}
{"timestamp":"2025-12-07T10:35:50.662Z","level":"SUCCESS","phase":"PHASE 1","msg":"Found 0 URLs for oneplus 13 androidauthority_review","elapsed":6477}
{"timestamp":"2025-12-07T10:35:50.663Z","level":"INFO","phase":"PHASE 1","msg":"CSE Discovery Summary","meta":{"phonesProcessed":4,"typesProcessed":7,"typesSkipped":33,"modified":true,"reason":"All URLs already cached"},"elapsed":6477}
{"timestamp":"2025-12-07T10:35:50.664Z","level":"INFO","phase":"PHASE 2","msg":"Starting Archive Discovery (Progressive Strategy)","elapsed":6478}
{"timestamp":"2025-12-07T10:35:50.665Z","level":"INFO","phase":"PHASE 2","msg":"Already tried today, skipping","elapsed":6479}
{"timestamp":"2025-12-07T10:35:50.665Z","level":"INFO","phase":"PHASE 2","msg":"Already tried today, skipping","elapsed":6479}
{"timestamp":"2025-12-07T10:35:50.666Z","level":"INFO","phase":"PHASE 3","msg":"Starting Content Scraping (Smart Caching)","elapsed":6480}
{"timestamp":"2025-12-07T10:35:50.667Z","level":"INFO","phase":"PHASE 3","msg":"Skipping 1_gsmarena_specs.txt - already exists","elapsed":6481}
{"timestamp":"2025-12-07T10:35:50.668Z","level":"INFO","phase":"PHASE 3","msg":"Skipping 2_gsmarena_review.txt - already exists","elapsed":6482}
{"timestamp":"2025-12-07T10:35:50.668Z","level":"INFO","phase":"PHASE 3","msg":"Skipping 3_phonearena_review.txt - already exists","elapsed":6482}
{"timestamp":"2025-12-07T10:35:50.668Z","level":"INFO","phase":"PHASE 3","msg":"Skipping 4_dxomark_review.txt - already exists","elapsed":6482}
{"timestamp":"2025-12-07T10:35:50.669Z","level":"INFO","phase":"PHASE 3","msg":"Skipping 5_tomsguide_review.txt - already exists","elapsed":6483}
{"timestamp":"2025-12-07T10:35:50.669Z","level":"INFO","phase":"PHASE 3","msg":"Skipping 6_techradar_review.txt - already exists","elapsed":6483}
{"timestamp":"2025-12-07T10:35:50.669Z","level":"INFO","phase":"PHASE 3","msg":"Skipping 8_notebookcheck_review.txt - already exists","elapsed":6483}
{"timestamp":"2025-12-07T10:35:50.669Z","level":"INFO","phase":"PHASE 3","msg":"Skipping 10_androidauthority_review.txt - already exists","elapsed":6483}
{"timestamp":"2025-12-07T10:35:50.669Z","level":"INFO","phase":"PHASE 3","msg":"Skipping 9_androidcentral_review.txt - already exists","elapsed":6484}
{"timestamp":"2025-12-07T10:35:50.670Z","level":"INFO","phase":"PHASE 3","msg":"Skipping 1_gsmarena_specs.txt - already exists","elapsed":6484}
{"timestamp":"2025-12-07T10:35:50.670Z","level":"INFO","phase":"PHASE 3","msg":"Skipping 2_gsmarena_review.txt - already exists","elapsed":6484}
{"timestamp":"2025-12-07T10:35:50.671Z","level":"INFO","phase":"PHASE 3","msg":"Skipping 3_phonearena_review.txt - already exists","elapsed":6485}
{"timestamp":"2025-12-07T10:35:50.671Z","level":"INFO","phase":"PHASE 3","msg":"Skipping 5_tomsguide_review.txt - already exists","elapsed":6485}
{"timestamp":"2025-12-07T10:35:50.671Z","level":"INFO","phase":"PHASE 3","msg":"Skipping 6_techradar_review.txt - already exists","elapsed":6486}
{"timestamp":"2025-12-07T10:35:50.672Z","level":"INFO","phase":"PHASE 3","msg":"Skipping 7_theverge_review.txt - already exists","elapsed":6486}
{"timestamp":"2025-12-07T10:35:50.672Z","level":"INFO","phase":"PHASE 3","msg":"Skipping 9_androidcentral_review.txt - already exists","elapsed":6486}
{"timestamp":"2025-12-07T10:35:50.673Z","level":"INFO","phase":"PHASE 3","msg":"Skipping 4_dxomark_review.txt - already exists","elapsed":6487}
{"timestamp":"2025-12-07T10:35:50.672Z","level":"INFO","phase":"PHASE 3","msg":"Skipping 10_androidauthority_review.txt - already exists","elapsed":6486}
{"timestamp":"2025-12-07T10:35:50.673Z","level":"INFO","phase":"PHASE 3","msg":"No archive URLs, trying progressive fallback","elapsed":6487}
