{"timestamp":"2025-12-07T10:26:58.229Z","level":"INFO","phase":"STARTUP","msg":"Validating environment configuration...","elapsed":57}
{"timestamp":"2025-12-07T10:26:58.287Z","level":"SUCCESS","phase":"STARTUP","msg":"Google CSE configured as fallback","elapsed":61}
{"timestamp":"2025-12-07T10:26:58.287Z","level":"SUCCESS","phase":"STARTUP","msg":"Environment validation complete","elapsed":61}
{"timestamp":"2025-12-07T10:26:58.289Z","level":"INFO","phase":"PHASE 1","msg":"Starting CSE Discovery","elapsed":63}
{"timestamp":"2025-12-07T10:26:58.289Z","level":"INFO","phase":"PHASE 1","msg":"CSE Credentials Check","meta":{"hasApiKey":true,"hasCseId":true,"apiKeyLength":39},"elapsed":63}
{"timestamp":"2025-12-07T10:26:58.290Z","level":"INFO","phase":"PHASE 1","msg":"Skipping apple iphone 15 pro gsmarena_review - already has 1 URL(s)","elapsed":64}
{"timestamp":"2025-12-07T10:26:58.290Z","level":"INFO","phase":"PHASE 1","msg":"Skipping apple iphone 15 pro phonearena_review - already has 1 URL(s)","elapsed":64}
{"timestamp":"2025-12-07T10:26:58.290Z","level":"INFO","phase":"PHASE 1","msg":"Skipping apple iphone 15 pro dxomark_review - already has 1 URL(s)","elapsed":64}
{"timestamp":"2025-12-07T10:26:58.290Z","level":"INFO","phase":"PHASE 1","msg":"Skipping apple iphone 15 pro tomsguide_review - already has 1 URL(s)","elapsed":65}
{"timestamp":"2025-12-07T10:26:58.291Z","level":"INFO","phase":"PHASE 1","msg":"Skipping apple iphone 15 pro techradar_review - already has 1 URL(s)","elapsed":65}
{"timestamp":"2025-12-07T10:26:58.291Z","level":"INFO","phase":"PHASE 1","msg":"CSE Query: \"site:theverge.com intitle:\"apple iphone 15 pro\" (\"review\" OR \"first\" OR \"hands-on\") -news -update -Max\"","elapsed":65}
{"timestamp":"2025-12-07T10:26:58.289Z","level":"INFO","phase":"PHASE 1","msg":"Skipping apple iphone 15 pro gsmarena_specs - already has 1 URL(s)","elapsed":63}
{"timestamp":"2025-12-07T10:26:59.135Z","level":"INFO","phase":"PHASE 1","msg":"CSE Results: 0 found","elapsed":909}
{"timestamp":"2025-12-07T10:26:59.135Z","level":"SUCCESS","phase":"PHASE 1","msg":"Found 0 URLs for apple iphone 15 pro theverge_review","elapsed":909}
{"timestamp":"2025-12-07T10:26:59.135Z","level":"INFO","phase":"PHASE 1","msg":"Skipping apple iphone 15 pro notebookcheck_review - already has 1 URL(s)","elapsed":909}
{"timestamp":"2025-12-07T10:26:59.136Z","level":"INFO","phase":"PHASE 1","msg":"Skipping apple iphone 15 pro androidcentral_review - already has 1 URL(s)","elapsed":910}
{"timestamp":"2025-12-07T10:26:59.136Z","level":"INFO","phase":"PHASE 1","msg":"Skipping apple iphone 15 pro androidauthority_review - already has 1 URL(s)","elapsed":910}
{"timestamp":"2025-12-07T10:26:59.136Z","level":"INFO","phase":"PHASE 1","msg":"Skipping apple iphone 17 pro max gsmarena_specs - already has 1 URL(s)","elapsed":910}
{"timestamp":"2025-12-07T10:26:59.136Z","level":"INFO","phase":"PHASE 1","msg":"Skipping apple iphone 17 pro max phonearena_review - already has 1 URL(s)","elapsed":910}
{"timestamp":"2025-12-07T10:26:59.137Z","level":"INFO","phase":"PHASE 1","msg":"Skipping apple iphone 17 pro max dxomark_review - already has 1 URL(s)","elapsed":911}
{"timestamp":"2025-12-07T10:26:59.137Z","level":"INFO","phase":"PHASE 1","msg":"Skipping apple iphone 17 pro max tomsguide_review - already has 1 URL(s)","elapsed":911}
{"timestamp":"2025-12-07T10:26:59.136Z","level":"INFO","phase":"PHASE 1","msg":"Skipping apple iphone 17 pro max gsmarena_review - already has 1 URL(s)","elapsed":910}
{"timestamp":"2025-12-07T10:26:59.137Z","level":"INFO","phase":"PHASE 1","msg":"Skipping apple iphone 17 pro max techradar_review - already has 1 URL(s)","elapsed":911}
{"timestamp":"2025-12-07T10:26:59.138Z","level":"INFO","phase":"PHASE 1","msg":"Skipping apple iphone 17 pro max notebookcheck_review - already has 1 URL(s)","elapsed":912}
{"timestamp":"2025-12-07T10:26:59.139Z","level":"INFO","phase":"PHASE 1","msg":"Skipping apple iphone 17 pro max androidcentral_review - already has 1 URL(s)","elapsed":913}
{"timestamp":"2025-12-07T10:26:59.139Z","level":"INFO","phase":"PHASE 1","msg":"Skipping apple iphone 17 pro max androidauthority_review - already has 1 URL(s)","elapsed":913}
{"timestamp":"2025-12-07T10:26:59.139Z","level":"INFO","phase":"PHASE 1","msg":"Skipping samsung galaxy s25 gsmarena_specs - already has 1 URL(s)","elapsed":913}
{"timestamp":"2025-12-07T10:26:59.138Z","level":"INFO","phase":"PHASE 1","msg":"Skipping apple iphone 17 pro max theverge_review - already has 1 URL(s)","elapsed":912}
{"timestamp":"2025-12-07T10:26:59.140Z","level":"INFO","phase":"PHASE 1","msg":"Skipping samsung galaxy s25 dxomark_review - already has 1 URL(s)","elapsed":914}
{"timestamp":"2025-12-07T10:26:59.139Z","level":"INFO","phase":"PHASE 1","msg":"Skipping samsung galaxy s25 gsmarena_review - already has 1 URL(s)","elapsed":913}
{"timestamp":"2025-12-07T10:26:59.140Z","level":"INFO","phase":"PHASE 1","msg":"Skipping samsung galaxy s25 phonearena_review - already has 1 URL(s)","elapsed":914}
{"timestamp":"2025-12-07T10:26:59.140Z","level":"INFO","phase":"PHASE 1","msg":"Skipping samsung galaxy s25 techradar_review - already has 1 URL(s)","elapsed":914}
{"timestamp":"2025-12-07T10:26:59.140Z","level":"INFO","phase":"PHASE 1","msg":"Skipping samsung galaxy s25 tomsguide_review - already has 1 URL(s)","elapsed":914}
{"timestamp":"2025-12-07T10:26:59.293Z","level":"INFO","phase":"PHASE 1","msg":"CSE Query: \"site:theverge.com intitle:\"samsung galaxy s25\" (\"review\" OR \"first\" OR \"hands-on\") -news -update -FE -Ultra -Plus \"-S25+\"\"","elapsed":1067}
{"timestamp":"2025-12-07T10:26:59.514Z","level":"INFO","phase":"PHASE 1","msg":"CSE Results: 0 found","elapsed":1288}
{"timestamp":"2025-12-07T10:26:59.514Z","level":"SUCCESS","phase":"PHASE 1","msg":"Found 0 URLs for samsung galaxy s25 theverge_review","elapsed":1289}
{"timestamp":"2025-12-07T10:26:59.515Z","level":"INFO","phase":"PHASE 1","msg":"Skipping samsung galaxy s25 notebookcheck_review - already has 1 URL(s)","elapsed":1289}
{"timestamp":"2025-12-07T10:26:59.515Z","level":"INFO","phase":"PHASE 1","msg":"Skipping samsung galaxy s25 androidcentral_review - already has 1 URL(s)","elapsed":1289}
{"timestamp":"2025-12-07T10:26:59.515Z","level":"INFO","phase":"PHASE 1","msg":"Skipping samsung galaxy s25 androidauthority_review - already has 1 URL(s)","elapsed":1290}
{"timestamp":"2025-12-07T10:26:59.516Z","level":"INFO","phase":"PHASE 1","msg":"Skipping oneplus 13 gsmarena_specs - already has 1 URL(s)","elapsed":1290}
{"timestamp":"2025-12-07T10:27:00.295Z","level":"INFO","phase":"PHASE 1","msg":"CSE Query: \"site:gsmarena.com \"oneplus 13\" review hands-on first -forum -comments -news -update -newscomm -r -R -lite -Lite\"","elapsed":2069}
{"timestamp":"2025-12-07T10:27:00.803Z","level":"INFO","phase":"PHASE 1","msg":"CSE Results: 0 found","elapsed":2577}
{"timestamp":"2025-12-07T10:27:00.803Z","level":"SUCCESS","phase":"PHASE 1","msg":"Found 0 URLs for oneplus 13 gsmarena_review","elapsed":2577}
{"timestamp":"2025-12-07T10:27:01.309Z","level":"INFO","phase":"PHASE 1","msg":"CSE Query: \"site:phonearena.com intitle:\"oneplus 13\" hands-on -forum -news -r -R -lite -Lite\"","elapsed":3083}
{"timestamp":"2025-12-07T10:27:01.931Z","level":"INFO","phase":"PHASE 1","msg":"CSE Results: 0 found","elapsed":3705}
{"timestamp":"2025-12-07T10:27:01.931Z","level":"SUCCESS","phase":"PHASE 1","msg":"Found 0 URLs for oneplus 13 phonearena_review","elapsed":3705}
{"timestamp":"2025-12-07T10:27:01.931Z","level":"INFO","phase":"PHASE 1","msg":"Skipping oneplus 13 tomsguide_review - already has 1 URL(s)","elapsed":3706}
{"timestamp":"2025-12-07T10:27:01.931Z","level":"INFO","phase":"PHASE 1","msg":"Skipping oneplus 13 dxomark_review - already has 1 URL(s)","elapsed":3705}
{"timestamp":"2025-12-07T10:27:01.932Z","level":"INFO","phase":"PHASE 1","msg":"Skipping oneplus 13 techradar_review - already has 1 URL(s)","elapsed":3706}
{"timestamp":"2025-12-07T10:27:02.324Z","level":"INFO","phase":"PHASE 1","msg":"CSE Query: \"site:theverge.com \"oneplus 13\" review roundup -podcast -news -update -r -R -lite -Lite\"","elapsed":4098}
{"timestamp":"2025-12-07T10:27:02.916Z","level":"INFO","phase":"PHASE 1","msg":"CSE Results: 0 found","elapsed":4691}
{"timestamp":"2025-12-07T10:27:02.917Z","level":"SUCCESS","phase":"PHASE 1","msg":"Found 0 URLs for oneplus 13 theverge_review","elapsed":4691}
{"timestamp":"2025-12-07T10:27:02.917Z","level":"INFO","phase":"PHASE 1","msg":"Skipping oneplus 13 notebookcheck_review - already has 1 URL(s)","elapsed":4691}
{"timestamp":"2025-12-07T10:27:03.327Z","level":"INFO","phase":"PHASE 1","msg":"CSE Query: \"site:androidcentral.com intitle:\"oneplus 13\" review -news -update -r -R -lite -Lite\"","elapsed":5101}
{"timestamp":"2025-12-07T10:27:03.726Z","level":"INFO","phase":"PHASE 1","msg":"CSE Results: 1 found","elapsed":5501}
{"timestamp":"2025-12-07T10:27:03.727Z","level":"SUCCESS","phase":"PHASE 1","msg":"CSE found 1 URLs","elapsed":5501}
{"timestamp":"2025-12-07T10:27:03.727Z","level":"WARNING","phase":"PHASE 1","msg":"Rejected URL: non_professional","meta":{"url":"https://forums.androidcentral.com/threads/homescreen-oneplus-13.1076368/page-2","brand":"oneplus","model":"13","type":"androidcentral_review"},"elapsed":5501}
{"timestamp":"2025-12-07T10:27:03.727Z","level":"SUCCESS","phase":"PHASE 1","msg":"Found 0 URLs for oneplus 13 androidcentral_review","elapsed":5502}
{"timestamp":"2025-12-07T10:27:04.332Z","level":"INFO","phase":"PHASE 1","msg":"CSE Query: \"site:androidauthority.com intitle:\"oneplus 13\" \"review\" -news -update -r -R -lite -Lite\"","elapsed":6106}
{"timestamp":"2025-12-07T10:27:04.828Z","level":"INFO","phase":"PHASE 1","msg":"CSE Results: 0 found","elapsed":6602}
{"timestamp":"2025-12-07T10:27:04.828Z","level":"SUCCESS","phase":"PHASE 1","msg":"Found 0 URLs for oneplus 13 androidauthority_review","elapsed":6602}
{"timestamp":"2025-12-07T10:27:04.828Z","level":"INFO","phase":"PHASE 1","msg":"CSE Discovery Summary","meta":{"phonesProcessed":4,"typesProcessed":7,"typesSkipped":33,"modified":true,"reason":"All URLs already cached"},"elapsed":6602}
{"timestamp":"2025-12-07T10:27:04.830Z","level":"INFO","phase":"PHASE 2","msg":"Starting Archive Discovery (Progressive Strategy)","elapsed":6604}
{"timestamp":"2025-12-07T10:27:28.439Z","level":"WARNING","phase":"PHASE 2","msg":"No snapshots for https://www.notebookcheck.net/Setting-new-battery-life-records-Apple-iPhone-17-Pro-Max-smartphone-review.1148795.0.html","elapsed":30213}
{"timestamp":"2025-12-07T10:27:28.439Z","level":"INFO","phase":"SAVE_API","msg":"3 daily retries failed, requesting Archive.org save","elapsed":30213}
{"timestamp":"2025-12-07T10:27:28.440Z","level":"WARNING","phase":"SAVE_API","msg":"Archive.org credentials missing (IA_ACCESS_KEY/IA_SECRET_KEY). Skipping save request.","elapsed":30214}
{"timestamp":"2025-12-07T10:27:51.376Z","level":"WARNING","phase":"PHASE 2","msg":"No snapshots for https://www.androidauthority.com/samsung-galaxy-s25-review-3531762/","elapsed":53151}
{"timestamp":"2025-12-07T10:27:51.377Z","level":"INFO","phase":"SAVE_API","msg":"3 daily retries failed, requesting Archive.org save","elapsed":53151}
{"timestamp":"2025-12-07T10:27:51.377Z","level":"WARNING","phase":"SAVE_API","msg":"Archive.org credentials missing (IA_ACCESS_KEY/IA_SECRET_KEY). Skipping save request.","elapsed":53151}
{"timestamp":"2025-12-07T10:27:51.379Z","level":"INFO","phase":"PHASE 3","msg":"Starting Content Scraping (Smart Caching)","elapsed":53153}
{"timestamp":"2025-12-07T10:27:51.402Z","level":"INFO","phase":"PHASE 3","msg":"Skipping 1_gsmarena_specs.txt - already exists","elapsed":53176}
{"timestamp":"2025-12-07T10:27:51.403Z","level":"INFO","phase":"PHASE 3","msg":"Skipping 2_gsmarena_review.txt - already exists","elapsed":53177}
{"timestamp":"2025-12-07T10:27:51.403Z","level":"INFO","phase":"PHASE 3","msg":"Skipping 3_phonearena_review.txt - already exists","elapsed":53177}
{"timestamp":"2025-12-07T10:27:51.404Z","level":"INFO","phase":"PHASE 3","msg":"Skipping 4_dxomark_review.txt - already exists","elapsed":53178}
{"timestamp":"2025-12-07T10:27:51.404Z","level":"INFO","phase":"PHASE 3","msg":"Skipping 5_tomsguide_review.txt - already exists","elapsed":53178}
{"timestamp":"2025-12-07T10:27:51.405Z","level":"INFO","phase":"PHASE 3","msg":"Skipping 6_techradar_review.txt - already exists","elapsed":53179}
{"timestamp":"2025-12-07T10:27:51.406Z","level":"INFO","phase":"PHASE 3","msg":"Skipping 8_notebookcheck_review.txt - already exists","elapsed":53180}
{"timestamp":"2025-12-07T10:27:51.406Z","level":"INFO","phase":"PHASE 3","msg":"Skipping 10_androidauthority_review.txt - already exists","elapsed":53180}
{"timestamp":"2025-12-07T10:27:51.407Z","level":"INFO","phase":"PHASE 3","msg":"Skipping 9_androidcentral_review.txt - already exists","elapsed":53181}
{"timestamp":"2025-12-07T10:27:51.408Z","level":"INFO","phase":"PHASE 3","msg":"Skipping 1_gsmarena_specs.txt - already exists","elapsed":53182}
{"timestamp":"2025-12-07T10:27:51.409Z","level":"INFO","phase":"PHASE 3","msg":"Skipping 2_gsmarena_review.txt - already exists","elapsed":53183}
{"timestamp":"2025-12-07T10:27:51.409Z","level":"INFO","phase":"PHASE 3","msg":"Skipping 3_phonearena_review.txt - already exists","elapsed":53183}
{"timestamp":"2025-12-07T10:27:51.410Z","level":"INFO","phase":"PHASE 3","msg":"Skipping 5_tomsguide_review.txt - already exists","elapsed":53184}
{"timestamp":"2025-12-07T10:27:51.410Z","level":"INFO","phase":"PHASE 3","msg":"Skipping 6_techradar_review.txt - already exists","elapsed":53184}
{"timestamp":"2025-12-07T10:27:51.410Z","level":"INFO","phase":"PHASE 3","msg":"Skipping 7_theverge_review.txt - already exists","elapsed":53185}
{"timestamp":"2025-12-07T10:27:51.411Z","level":"INFO","phase":"PHASE 3","msg":"Skipping 9_androidcentral_review.txt - already exists","elapsed":53185}
{"timestamp":"2025-12-07T10:27:51.411Z","level":"INFO","phase":"PHASE 3","msg":"Skipping 10_androidauthority_review.txt - already exists","elapsed":53185}
{"timestamp":"2025-12-07T10:27:51.412Z","level":"INFO","phase":"PHASE 3","msg":"No archive URLs, trying progressive fallback","elapsed":53186}
{"timestamp":"2025-12-07T10:27:51.412Z","level":"INFO","phase":"PHASE 3","msg":"Skipping 4_dxomark_review.txt - already exists","elapsed":53186}
{"timestamp":"2025-12-07T10:28:14.596Z","level":"WARNING","phase":"PHASE 3","msg":"recent strategy: no snapshots","elapsed":76370}
